<?xml version="1.0" encoding="UTF-8"?>
<testng-results ignored="0" total="1" passed="1" failed="0" skipped="0">
  <reporter-output>
  </reporter-output>
  <suite started-at="2025-12-12T13:59:56 IST" name="EcommerceSuite" finished-at="2025-12-12T14:00:14 IST" duration-ms="18202">
    <groups>
    </groups>
    <test started-at="2025-12-12T13:59:56 IST" name="EcommerceFlow" finished-at="2025-12-12T14:00:14 IST" duration-ms="18202">
      <class name="tests.EcommerceTest">
        <test-method is-config="true" signature="setUp()[pri:0, instance:tests.EcommerceTest@2584b82d]" started-at="2025-12-12T13:59:56 IST" name="setUp" finished-at="2025-12-12T13:59:58 IST" duration-ms="2207" status="PASS">
          <reporter-output>
          </reporter-output>
        </test-method> <!-- setUp -->
        <test-method signature="completeOrderFlow()[pri:0, instance:tests.EcommerceTest@2584b82d]" started-at="2025-12-12T13:59:58 IST" name="completeOrderFlow" finished-at="2025-12-12T14:00:13 IST" duration-ms="15217" status="PASS">
          <reporter-output>
          </reporter-output>
        </test-method> <!-- completeOrderFlow -->
        <test-method is-config="true" signature="tearDown()[pri:0, instance:tests.EcommerceTest@2584b82d]" started-at="2025-12-12T14:00:13 IST" name="tearDown" finished-at="2025-12-12T14:00:14 IST" duration-ms="722" status="PASS">
          <reporter-output>
          </reporter-output>
        </test-method> <!-- tearDown -->
      </class> <!-- tests.EcommerceTest -->
    </test> <!-- EcommerceFlow -->
  </suite> <!-- EcommerceSuite -->
</testng-results>
